[100%] Built target video_mid
-- Install configuration: ""
-- Up-to-date: /home/mfz/rmtest1/install/ved_select/include
-- Up-to-date: /home/mfz/rmtest1/install/ved_select/include/ved_select
-- Up-to-date: /home/mfz/rmtest1/install/ved_select/lib/ved_select/video_mid
-- Up-to-date: /home/mfz/rmtest1/install/ved_select/share/ament_index/resource_index/package_run_dependencies/ved_select
-- Up-to-date: /home/mfz/rmtest1/install/ved_select/share/ament_index/resource_index/parent_prefix_path/ved_select
-- Up-to-date: /home/mfz/rmtest1/install/ved_select/share/ved_select/environment/ament_prefix_path.sh
-- Up-to-date: /home/mfz/rmtest1/install/ved_select/share/ved_select/environment/ament_prefix_path.dsv
-- Up-to-date: /home/mfz/rmtest1/install/ved_select/share/ved_select/environment/path.sh
-- Up-to-date: /home/mfz/rmtest1/install/ved_select/share/ved_select/environment/path.dsv
-- Up-to-date: /home/mfz/rmtest1/install/ved_select/share/ved_select/local_setup.bash
-- Up-to-date: /home/mfz/rmtest1/install/ved_select/share/ved_select/local_setup.sh
-- Up-to-date: /home/mfz/rmtest1/install/ved_select/share/ved_select/local_setup.zsh
-- Up-to-date: /home/mfz/rmtest1/install/ved_select/share/ved_select/local_setup.dsv
-- Installing: /home/mfz/rmtest1/install/ved_select/share/ved_select/package.dsv
-- Up-to-date: /home/mfz/rmtest1/install/ved_select/share/ament_index/resource_index/packages/ved_select
-- Up-to-date: /home/mfz/rmtest1/install/ved_select/share/ved_select/cmake/ament_cmake_export_dependencies-extras.cmake
-- Up-to-date: /home/mfz/rmtest1/install/ved_select/share/ved_select/cmake/ament_cmake_export_include_directories-extras.cmake
-- Up-to-date: /home/mfz/rmtest1/install/ved_select/share/ved_select/cmake/ved_selectConfig.cmake
-- Up-to-date: /home/mfz/rmtest1/install/ved_select/share/ved_select/cmake/ved_selectConfig-version.cmake
-- Up-to-date: /home/mfz/rmtest1/install/ved_select/share/ved_select/package.xml
