[0.013s] Invoking command in '/home/mfz/rmtest1/build/ved_select': CMAKE_PREFIX_PATH=/home/mfz/rmtest1/install/video_interfaces:/home/mfz/rmtest1/install/video_kmf:/home/mfz/rmtest1/install/ved_select:/home/mfz/rmtest1/install/image:/opt/ros/humble /usr/bin/cmake --build /home/mfz/rmtest1/build/ved_select -- -j16 -l16
[0.051s] [100%] Built target video_mid
[0.058s] Invoked command in '/home/mfz/rmtest1/build/ved_select' returned '0': CMAKE_PREFIX_PATH=/home/mfz/rmtest1/install/video_interfaces:/home/mfz/rmtest1/install/video_kmf:/home/mfz/rmtest1/install/ved_select:/home/mfz/rmtest1/install/image:/opt/ros/humble /usr/bin/cmake --build /home/mfz/rmtest1/build/ved_select -- -j16 -l16
[0.072s] Invoking command in '/home/mfz/rmtest1/build/ved_select': CMAKE_PREFIX_PATH=/home/mfz/rmtest1/install/video_interfaces:/home/mfz/rmtest1/install/video_kmf:/home/mfz/rmtest1/install/ved_select:/home/mfz/rmtest1/install/image:/opt/ros/humble /usr/bin/cmake --install /home/mfz/rmtest1/build/ved_select
[0.077s] -- Install configuration: ""
[0.078s] -- Up-to-date: /home/mfz/rmtest1/install/ved_select/include
[0.078s] -- Up-to-date: /home/mfz/rmtest1/install/ved_select/include/ved_select
[0.078s] -- Up-to-date: /home/mfz/rmtest1/install/ved_select/lib/ved_select/video_mid
[0.078s] -- Up-to-date: /home/mfz/rmtest1/install/ved_select/share/ament_index/resource_index/package_run_dependencies/ved_select
[0.078s] -- Up-to-date: /home/mfz/rmtest1/install/ved_select/share/ament_index/resource_index/parent_prefix_path/ved_select
[0.079s] -- Up-to-date: /home/mfz/rmtest1/install/ved_select/share/ved_select/environment/ament_prefix_path.sh
[0.081s] -- Up-to-date: /home/mfz/rmtest1/install/ved_select/share/ved_select/environment/ament_prefix_path.dsv
[0.081s] -- Up-to-date: /home/mfz/rmtest1/install/ved_select/share/ved_select/environment/path.sh
[0.081s] -- Up-to-date: /home/mfz/rmtest1/install/ved_select/share/ved_select/environment/path.dsv
[0.082s] -- Up-to-date: /home/mfz/rmtest1/install/ved_select/share/ved_select/local_setup.bash
[0.082s] -- Up-to-date: /home/mfz/rmtest1/install/ved_select/share/ved_select/local_setup.sh
[0.082s] -- Up-to-date: /home/mfz/rmtest1/install/ved_select/share/ved_select/local_setup.zsh
[0.082s] -- Up-to-date: /home/mfz/rmtest1/install/ved_select/share/ved_select/local_setup.dsv
[0.082s] -- Installing: /home/mfz/rmtest1/install/ved_select/share/ved_select/package.dsv
[0.084s] -- Up-to-date: /home/mfz/rmtest1/install/ved_select/share/ament_index/resource_index/packages/ved_select
[0.084s] -- Up-to-date: /home/mfz/rmtest1/install/ved_select/share/ved_select/cmake/ament_cmake_export_dependencies-extras.cmake
[0.084s] -- Up-to-date: /home/mfz/rmtest1/install/ved_select/share/ved_select/cmake/ament_cmake_export_include_directories-extras.cmake
[0.084s] -- Up-to-date: /home/mfz/rmtest1/install/ved_select/share/ved_select/cmake/ved_selectConfig.cmake
[0.084s] -- Up-to-date: /home/mfz/rmtest1/install/ved_select/share/ved_select/cmake/ved_selectConfig-version.cmake
[0.085s] -- Up-to-date: /home/mfz/rmtest1/install/ved_select/share/ved_select/package.xml
[0.090s] Invoked command in '/home/mfz/rmtest1/build/ved_select' returned '0': CMAKE_PREFIX_PATH=/home/mfz/rmtest1/install/video_interfaces:/home/mfz/rmtest1/install/video_kmf:/home/mfz/rmtest1/install/ved_select:/home/mfz/rmtest1/install/image:/opt/ros/humble /usr/bin/cmake --install /home/mfz/rmtest1/build/ved_select
