[0.010s] Invoking command in '/home/mfz/rmtest1/build/video_interfaces': CMAKE_PREFIX_PATH=${CMAKE_PREFIX_PATH}:/opt/ros/humble /usr/bin/cmake --build /home/mfz/rmtest1/build/video_interfaces -- -j16 -l16
[0.044s] [  1%] Built target video_interfaces__cpp
[0.044s] [ 12%] Built target video_interfaces__rosidl_generator_c
[0.050s] [ 12%] Built target ament_cmake_python_copy_video_interfaces
[0.057s] [ 23%] Built target video_interfaces__rosidl_typesupport_cpp
[0.058s] [ 36%] Built target video_interfaces__rosidl_typesupport_fastrtps_cpp
[0.058s] [ 45%] Built target video_interfaces__rosidl_typesupport_introspection_cpp
[0.064s] [ 69%] Built target video_interfaces__rosidl_typesupport_c
[0.064s] [ 69%] Built target video_interfaces__rosidl_typesupport_introspection_c
[0.064s] [ 78%] Built target video_interfaces__rosidl_typesupport_fastrtps_c
[0.075s] [ 78%] Built target video_interfaces
[0.086s] [ 80%] Built target video_interfaces__py
[0.099s] [ 89%] Built target video_interfaces__rosidl_generator_py
[0.113s] [100%] Built target video_interfaces__rosidl_typesupport_c__pyext
[0.113s] [100%] Built target video_interfaces__rosidl_typesupport_introspection_c__pyext
[0.113s] [100%] Built target video_interfaces__rosidl_typesupport_fastrtps_c__pyext
[0.212s] running egg_info
[0.213s] writing video_interfaces.egg-info/PKG-INFO
[0.213s] writing dependency_links to video_interfaces.egg-info/dependency_links.txt
[0.213s] writing top-level names to video_interfaces.egg-info/top_level.txt
[0.214s] reading manifest file 'video_interfaces.egg-info/SOURCES.txt'
[0.215s] writing manifest file 'video_interfaces.egg-info/SOURCES.txt'
[0.234s] [100%] Built target ament_cmake_python_build_video_interfaces_egg
[0.241s] Invoked command in '/home/mfz/rmtest1/build/video_interfaces' returned '0': CMAKE_PREFIX_PATH=${CMAKE_PREFIX_PATH}:/opt/ros/humble /usr/bin/cmake --build /home/mfz/rmtest1/build/video_interfaces -- -j16 -l16
[0.292s] Invoking command in '/home/mfz/rmtest1/build/video_interfaces': CMAKE_PREFIX_PATH=${CMAKE_PREFIX_PATH}:/opt/ros/humble /usr/bin/cmake --install /home/mfz/rmtest1/build/video_interfaces
[0.297s] -- Install configuration: ""
[0.297s] -- Up-to-date: /home/mfz/rmtest1/install/video_interfaces/share/ament_index/resource_index/rosidl_interfaces/video_interfaces
[0.297s] -- Up-to-date: /home/mfz/rmtest1/install/video_interfaces/include/video_interfaces/video_interfaces
[0.297s] -- Up-to-date: /home/mfz/rmtest1/install/video_interfaces/include/video_interfaces/video_interfaces/msg
[0.297s] -- Up-to-date: /home/mfz/rmtest1/install/video_interfaces/include/video_interfaces/video_interfaces/msg/image.h
[0.297s] -- Up-to-date: /home/mfz/rmtest1/install/video_interfaces/include/video_interfaces/video_interfaces/msg/pos.h
[0.298s] -- Up-to-date: /home/mfz/rmtest1/install/video_interfaces/include/video_interfaces/video_interfaces/msg/rosidl_generator_c__visibility_control.h
[0.298s] -- Up-to-date: /home/mfz/rmtest1/install/video_interfaces/include/video_interfaces/video_interfaces/msg/send.h
[0.298s] -- Up-to-date: /home/mfz/rmtest1/install/video_interfaces/include/video_interfaces/video_interfaces/msg/kmfs.h
[0.298s] -- Up-to-date: /home/mfz/rmtest1/install/video_interfaces/include/video_interfaces/video_interfaces/msg/kmf.h
[0.298s] -- Up-to-date: /home/mfz/rmtest1/install/video_interfaces/include/video_interfaces/video_interfaces/msg/detail
[0.298s] -- Up-to-date: /home/mfz/rmtest1/install/video_interfaces/include/video_interfaces/video_interfaces/msg/detail/kmfs__functions.h
[0.298s] -- Up-to-date: /home/mfz/rmtest1/install/video_interfaces/include/video_interfaces/video_interfaces/msg/detail/pos__functions.h
[0.299s] -- Up-to-date: /home/mfz/rmtest1/install/video_interfaces/include/video_interfaces/video_interfaces/msg/detail/kmf__type_support.h
[0.299s] -- Up-to-date: /home/mfz/rmtest1/install/video_interfaces/include/video_interfaces/video_interfaces/msg/detail/image__struct.h
[0.299s] -- Up-to-date: /home/mfz/rmtest1/install/video_interfaces/include/video_interfaces/video_interfaces/msg/detail/kmfs__type_support.h
[0.299s] -- Up-to-date: /home/mfz/rmtest1/install/video_interfaces/include/video_interfaces/video_interfaces/msg/detail/send__type_support.h
[0.299s] -- Up-to-date: /home/mfz/rmtest1/install/video_interfaces/include/video_interfaces/video_interfaces/msg/detail/kmf__functions.h
[0.299s] -- Up-to-date: /home/mfz/rmtest1/install/video_interfaces/include/video_interfaces/video_interfaces/msg/detail/kmf__struct.h
[0.299s] -- Up-to-date: /home/mfz/rmtest1/install/video_interfaces/include/video_interfaces/video_interfaces/msg/detail/kmf__functions.c
[0.300s] -- Up-to-date: /home/mfz/rmtest1/install/video_interfaces/include/video_interfaces/video_interfaces/msg/detail/send__functions.c
[0.300s] -- Up-to-date: /home/mfz/rmtest1/install/video_interfaces/include/video_interfaces/video_interfaces/msg/detail/send__struct.h
[0.300s] -- Up-to-date: /home/mfz/rmtest1/install/video_interfaces/include/video_interfaces/video_interfaces/msg/detail/send__functions.h
[0.300s] -- Up-to-date: /home/mfz/rmtest1/install/video_interfaces/include/video_interfaces/video_interfaces/msg/detail/kmfs__functions.c
[0.300s] -- Up-to-date: /home/mfz/rmtest1/install/video_interfaces/include/video_interfaces/video_interfaces/msg/detail/image__type_support.h
[0.300s] -- Up-to-date: /home/mfz/rmtest1/install/video_interfaces/include/video_interfaces/video_interfaces/msg/detail/image__functions.h
[0.300s] -- Up-to-date: /home/mfz/rmtest1/install/video_interfaces/include/video_interfaces/video_interfaces/msg/detail/pos__functions.c
[0.300s] -- Up-to-date: /home/mfz/rmtest1/install/video_interfaces/include/video_interfaces/video_interfaces/msg/detail/kmfs__struct.h
[0.301s] -- Up-to-date: /home/mfz/rmtest1/install/video_interfaces/include/video_interfaces/video_interfaces/msg/detail/image__functions.c
[0.301s] -- Up-to-date: /home/mfz/rmtest1/install/video_interfaces/include/video_interfaces/video_interfaces/msg/detail/pos__type_support.h
[0.301s] -- Up-to-date: /home/mfz/rmtest1/install/video_interfaces/include/video_interfaces/video_interfaces/msg/detail/pos__struct.h
[0.301s] -- Up-to-date: /home/mfz/rmtest1/install/video_interfaces/include/video_interfaces/video_interfaces/srv
[0.301s] -- Up-to-date: /home/mfz/rmtest1/install/video_interfaces/include/video_interfaces/video_interfaces/srv/posdis.h
[0.301s] -- Up-to-date: /home/mfz/rmtest1/install/video_interfaces/include/video_interfaces/video_interfaces/srv/kmf.h
[0.301s] -- Up-to-date: /home/mfz/rmtest1/install/video_interfaces/include/video_interfaces/video_interfaces/srv/detail
[0.301s] -- Up-to-date: /home/mfz/rmtest1/install/video_interfaces/include/video_interfaces/video_interfaces/srv/detail/posdis__type_support.h
[0.301s] -- Up-to-date: /home/mfz/rmtest1/install/video_interfaces/include/video_interfaces/video_interfaces/srv/detail/kmf__type_support.h
[0.301s] -- Up-to-date: /home/mfz/rmtest1/install/video_interfaces/include/video_interfaces/video_interfaces/srv/detail/posdis__struct.h
[0.301s] -- Up-to-date: /home/mfz/rmtest1/install/video_interfaces/include/video_interfaces/video_interfaces/srv/detail/posdis__functions.h
[0.302s] -- Up-to-date: /home/mfz/rmtest1/install/video_interfaces/include/video_interfaces/video_interfaces/srv/detail/kmf__functions.h
[0.302s] -- Up-to-date: /home/mfz/rmtest1/install/video_interfaces/include/video_interfaces/video_interfaces/srv/detail/kmf__struct.h
[0.302s] -- Up-to-date: /home/mfz/rmtest1/install/video_interfaces/include/video_interfaces/video_interfaces/srv/detail/kmf__functions.c
[0.302s] -- Up-to-date: /home/mfz/rmtest1/install/video_interfaces/include/video_interfaces/video_interfaces/srv/detail/posdis__functions.c
[0.302s] -- Up-to-date: /home/mfz/rmtest1/install/video_interfaces/share/video_interfaces/environment/library_path.sh
[0.302s] -- Up-to-date: /home/mfz/rmtest1/install/video_interfaces/share/video_interfaces/environment/library_path.dsv
[0.302s] -- Up-to-date: /home/mfz/rmtest1/install/video_interfaces/lib/libvideo_interfaces__rosidl_generator_c.so
[0.302s] -- Up-to-date: /home/mfz/rmtest1/install/video_interfaces/include/video_interfaces/video_interfaces
[0.302s] -- Up-to-date: /home/mfz/rmtest1/install/video_interfaces/include/video_interfaces/video_interfaces/msg
[0.302s] -- Up-to-date: /home/mfz/rmtest1/install/video_interfaces/include/video_interfaces/video_interfaces/msg/rosidl_typesupport_fastrtps_c__visibility_control.h
[0.302s] -- Up-to-date: /home/mfz/rmtest1/install/video_interfaces/include/video_interfaces/video_interfaces/msg/detail
[0.303s] -- Up-to-date: /home/mfz/rmtest1/install/video_interfaces/include/video_interfaces/video_interfaces/msg/detail/pos__rosidl_typesupport_fastrtps_c.h
[0.303s] -- Up-to-date: /home/mfz/rmtest1/install/video_interfaces/include/video_interfaces/video_interfaces/msg/detail/kmfs__rosidl_typesupport_fastrtps_c.h
[0.303s] -- Up-to-date: /home/mfz/rmtest1/install/video_interfaces/include/video_interfaces/video_interfaces/msg/detail/send__rosidl_typesupport_fastrtps_c.h
[0.303s] -- Up-to-date: /home/mfz/rmtest1/install/video_interfaces/include/video_interfaces/video_interfaces/msg/detail/image__rosidl_typesupport_fastrtps_c.h
[0.303s] -- Up-to-date: /home/mfz/rmtest1/install/video_interfaces/include/video_interfaces/video_interfaces/msg/detail/kmf__rosidl_typesupport_fastrtps_c.h
[0.303s] -- Up-to-date: /home/mfz/rmtest1/install/video_interfaces/include/video_interfaces/video_interfaces/srv
[0.303s] -- Up-to-date: /home/mfz/rmtest1/install/video_interfaces/include/video_interfaces/video_interfaces/srv/detail
[0.303s] -- Up-to-date: /home/mfz/rmtest1/install/video_interfaces/include/video_interfaces/video_interfaces/srv/detail/posdis__rosidl_typesupport_fastrtps_c.h
[0.303s] -- Up-to-date: /home/mfz/rmtest1/install/video_interfaces/include/video_interfaces/video_interfaces/srv/detail/kmf__rosidl_typesupport_fastrtps_c.h
[0.303s] -- Up-to-date: /home/mfz/rmtest1/install/video_interfaces/lib/libvideo_interfaces__rosidl_typesupport_fastrtps_c.so
[0.304s] -- Up-to-date: /home/mfz/rmtest1/install/video_interfaces/include/video_interfaces/video_interfaces
[0.304s] -- Up-to-date: /home/mfz/rmtest1/install/video_interfaces/include/video_interfaces/video_interfaces/msg
[0.304s] -- Up-to-date: /home/mfz/rmtest1/install/video_interfaces/include/video_interfaces/video_interfaces/msg/detail
[0.304s] -- Up-to-date: /home/mfz/rmtest1/install/video_interfaces/include/video_interfaces/video_interfaces/msg/detail/image__type_support.c
[0.304s] -- Up-to-date: /home/mfz/rmtest1/install/video_interfaces/include/video_interfaces/video_interfaces/msg/detail/kmfs__rosidl_typesupport_introspection_c.h
[0.304s] -- Up-to-date: /home/mfz/rmtest1/install/video_interfaces/include/video_interfaces/video_interfaces/msg/detail/kmf__rosidl_typesupport_introspection_c.h
[0.304s] -- Up-to-date: /home/mfz/rmtest1/install/video_interfaces/include/video_interfaces/video_interfaces/msg/detail/image__rosidl_typesupport_introspection_c.h
[0.304s] -- Up-to-date: /home/mfz/rmtest1/install/video_interfaces/include/video_interfaces/video_interfaces/msg/detail/send__type_support.c
[0.304s] -- Up-to-date: /home/mfz/rmtest1/install/video_interfaces/include/video_interfaces/video_interfaces/msg/detail/kmf__type_support.c
[0.304s] -- Up-to-date: /home/mfz/rmtest1/install/video_interfaces/include/video_interfaces/video_interfaces/msg/detail/kmfs__type_support.c
[0.304s] -- Up-to-date: /home/mfz/rmtest1/install/video_interfaces/include/video_interfaces/video_interfaces/msg/detail/pos__type_support.c
[0.305s] -- Up-to-date: /home/mfz/rmtest1/install/video_interfaces/include/video_interfaces/video_interfaces/msg/detail/send__rosidl_typesupport_introspection_c.h
[0.305s] -- Up-to-date: /home/mfz/rmtest1/install/video_interfaces/include/video_interfaces/video_interfaces/msg/detail/pos__rosidl_typesupport_introspection_c.h
[0.305s] -- Up-to-date: /home/mfz/rmtest1/install/video_interfaces/include/video_interfaces/video_interfaces/msg/rosidl_typesupport_introspection_c__visibility_control.h
[0.305s] -- Up-to-date: /home/mfz/rmtest1/install/video_interfaces/include/video_interfaces/video_interfaces/srv
[0.305s] -- Up-to-date: /home/mfz/rmtest1/install/video_interfaces/include/video_interfaces/video_interfaces/srv/detail
[0.305s] -- Up-to-date: /home/mfz/rmtest1/install/video_interfaces/include/video_interfaces/video_interfaces/srv/detail/kmf__rosidl_typesupport_introspection_c.h
[0.305s] -- Up-to-date: /home/mfz/rmtest1/install/video_interfaces/include/video_interfaces/video_interfaces/srv/detail/posdis__rosidl_typesupport_introspection_c.h
[0.305s] -- Up-to-date: /home/mfz/rmtest1/install/video_interfaces/include/video_interfaces/video_interfaces/srv/detail/kmf__type_support.c
[0.305s] -- Up-to-date: /home/mfz/rmtest1/install/video_interfaces/include/video_interfaces/video_interfaces/srv/detail/posdis__type_support.c
[0.305s] -- Up-to-date: /home/mfz/rmtest1/install/video_interfaces/lib/libvideo_interfaces__rosidl_typesupport_introspection_c.so
[0.305s] -- Up-to-date: /home/mfz/rmtest1/install/video_interfaces/lib/libvideo_interfaces__rosidl_typesupport_c.so
[0.305s] -- Up-to-date: /home/mfz/rmtest1/install/video_interfaces/include/video_interfaces/video_interfaces
[0.306s] -- Up-to-date: /home/mfz/rmtest1/install/video_interfaces/include/video_interfaces/video_interfaces/msg
[0.306s] -- Up-to-date: /home/mfz/rmtest1/install/video_interfaces/include/video_interfaces/video_interfaces/msg/kmf.hpp
[0.306s] -- Up-to-date: /home/mfz/rmtest1/install/video_interfaces/include/video_interfaces/video_interfaces/msg/image.hpp
[0.306s] -- Up-to-date: /home/mfz/rmtest1/install/video_interfaces/include/video_interfaces/video_interfaces/msg/pos.hpp
[0.306s] -- Up-to-date: /home/mfz/rmtest1/install/video_interfaces/include/video_interfaces/video_interfaces/msg/detail
[0.306s] -- Up-to-date: /home/mfz/rmtest1/install/video_interfaces/include/video_interfaces/video_interfaces/msg/detail/kmf__struct.hpp
[0.306s] -- Up-to-date: /home/mfz/rmtest1/install/video_interfaces/include/video_interfaces/video_interfaces/msg/detail/pos__struct.hpp
[0.306s] -- Up-to-date: /home/mfz/rmtest1/install/video_interfaces/include/video_interfaces/video_interfaces/msg/detail/pos__builder.hpp
[0.306s] -- Up-to-date: /home/mfz/rmtest1/install/video_interfaces/include/video_interfaces/video_interfaces/msg/detail/image__builder.hpp
[0.306s] -- Up-to-date: /home/mfz/rmtest1/install/video_interfaces/include/video_interfaces/video_interfaces/msg/detail/send__builder.hpp
[0.307s] -- Up-to-date: /home/mfz/rmtest1/install/video_interfaces/include/video_interfaces/video_interfaces/msg/detail/kmf__builder.hpp
[0.307s] -- Up-to-date: /home/mfz/rmtest1/install/video_interfaces/include/video_interfaces/video_interfaces/msg/detail/image__struct.hpp
[0.307s] -- Up-to-date: /home/mfz/rmtest1/install/video_interfaces/include/video_interfaces/video_interfaces/msg/detail/kmfs__builder.hpp
[0.307s] -- Up-to-date: /home/mfz/rmtest1/install/video_interfaces/include/video_interfaces/video_interfaces/msg/detail/kmfs__traits.hpp
[0.307s] -- Up-to-date: /home/mfz/rmtest1/install/video_interfaces/include/video_interfaces/video_interfaces/msg/detail/pos__traits.hpp
[0.307s] -- Up-to-date: /home/mfz/rmtest1/install/video_interfaces/include/video_interfaces/video_interfaces/msg/detail/image__traits.hpp
[0.307s] -- Up-to-date: /home/mfz/rmtest1/install/video_interfaces/include/video_interfaces/video_interfaces/msg/detail/send__struct.hpp
[0.307s] -- Up-to-date: /home/mfz/rmtest1/install/video_interfaces/include/video_interfaces/video_interfaces/msg/detail/send__traits.hpp
[0.307s] -- Up-to-date: /home/mfz/rmtest1/install/video_interfaces/include/video_interfaces/video_interfaces/msg/detail/kmf__traits.hpp
[0.307s] -- Up-to-date: /home/mfz/rmtest1/install/video_interfaces/include/video_interfaces/video_interfaces/msg/detail/kmfs__struct.hpp
[0.307s] -- Up-to-date: /home/mfz/rmtest1/install/video_interfaces/include/video_interfaces/video_interfaces/msg/send.hpp
[0.307s] -- Up-to-date: /home/mfz/rmtest1/install/video_interfaces/include/video_interfaces/video_interfaces/msg/kmfs.hpp
[0.308s] -- Up-to-date: /home/mfz/rmtest1/install/video_interfaces/include/video_interfaces/video_interfaces/srv
[0.308s] -- Up-to-date: /home/mfz/rmtest1/install/video_interfaces/include/video_interfaces/video_interfaces/srv/kmf.hpp
[0.308s] -- Up-to-date: /home/mfz/rmtest1/install/video_interfaces/include/video_interfaces/video_interfaces/srv/posdis.hpp
[0.308s] -- Up-to-date: /home/mfz/rmtest1/install/video_interfaces/include/video_interfaces/video_interfaces/srv/detail
[0.308s] -- Up-to-date: /home/mfz/rmtest1/install/video_interfaces/include/video_interfaces/video_interfaces/srv/detail/kmf__struct.hpp
[0.308s] -- Up-to-date: /home/mfz/rmtest1/install/video_interfaces/include/video_interfaces/video_interfaces/srv/detail/posdis__struct.hpp
[0.308s] -- Up-to-date: /home/mfz/rmtest1/install/video_interfaces/include/video_interfaces/video_interfaces/srv/detail/posdis__traits.hpp
[0.308s] -- Up-to-date: /home/mfz/rmtest1/install/video_interfaces/include/video_interfaces/video_interfaces/srv/detail/kmf__builder.hpp
[0.308s] -- Up-to-date: /home/mfz/rmtest1/install/video_interfaces/include/video_interfaces/video_interfaces/srv/detail/posdis__builder.hpp
[0.308s] -- Up-to-date: /home/mfz/rmtest1/install/video_interfaces/include/video_interfaces/video_interfaces/srv/detail/kmf__traits.hpp
[0.308s] -- Up-to-date: /home/mfz/rmtest1/install/video_interfaces/include/video_interfaces/video_interfaces
[0.308s] -- Up-to-date: /home/mfz/rmtest1/install/video_interfaces/include/video_interfaces/video_interfaces/msg
[0.309s] -- Up-to-date: /home/mfz/rmtest1/install/video_interfaces/include/video_interfaces/video_interfaces/msg/rosidl_typesupport_fastrtps_cpp__visibility_control.h
[0.309s] -- Up-to-date: /home/mfz/rmtest1/install/video_interfaces/include/video_interfaces/video_interfaces/msg/detail
[0.309s] -- Up-to-date: /home/mfz/rmtest1/install/video_interfaces/include/video_interfaces/video_interfaces/msg/detail/kmf__rosidl_typesupport_fastrtps_cpp.hpp
[0.309s] -- Up-to-date: /home/mfz/rmtest1/install/video_interfaces/include/video_interfaces/video_interfaces/msg/detail/image__rosidl_typesupport_fastrtps_cpp.hpp
[0.309s] -- Up-to-date: /home/mfz/rmtest1/install/video_interfaces/include/video_interfaces/video_interfaces/msg/detail/send__rosidl_typesupport_fastrtps_cpp.hpp
[0.309s] -- Up-to-date: /home/mfz/rmtest1/install/video_interfaces/include/video_interfaces/video_interfaces/msg/detail/kmfs__rosidl_typesupport_fastrtps_cpp.hpp
[0.309s] -- Up-to-date: /home/mfz/rmtest1/install/video_interfaces/include/video_interfaces/video_interfaces/msg/detail/pos__rosidl_typesupport_fastrtps_cpp.hpp
[0.309s] -- Up-to-date: /home/mfz/rmtest1/install/video_interfaces/include/video_interfaces/video_interfaces/msg/detail/dds_fastrtps
[0.309s] -- Up-to-date: /home/mfz/rmtest1/install/video_interfaces/include/video_interfaces/video_interfaces/srv
[0.309s] -- Up-to-date: /home/mfz/rmtest1/install/video_interfaces/include/video_interfaces/video_interfaces/srv/detail
[0.309s] -- Up-to-date: /home/mfz/rmtest1/install/video_interfaces/include/video_interfaces/video_interfaces/srv/detail/kmf__rosidl_typesupport_fastrtps_cpp.hpp
[0.309s] -- Up-to-date: /home/mfz/rmtest1/install/video_interfaces/include/video_interfaces/video_interfaces/srv/detail/posdis__rosidl_typesupport_fastrtps_cpp.hpp
[0.310s] -- Up-to-date: /home/mfz/rmtest1/install/video_interfaces/include/video_interfaces/video_interfaces/srv/detail/dds_fastrtps
[0.310s] -- Up-to-date: /home/mfz/rmtest1/install/video_interfaces/lib/libvideo_interfaces__rosidl_typesupport_fastrtps_cpp.so
[0.310s] -- Up-to-date: /home/mfz/rmtest1/install/video_interfaces/include/video_interfaces/video_interfaces
[0.310s] -- Up-to-date: /home/mfz/rmtest1/install/video_interfaces/include/video_interfaces/video_interfaces/msg
[0.310s] -- Up-to-date: /home/mfz/rmtest1/install/video_interfaces/include/video_interfaces/video_interfaces/msg/detail
[0.310s] -- Up-to-date: /home/mfz/rmtest1/install/video_interfaces/include/video_interfaces/video_interfaces/msg/detail/kmfs__type_support.cpp
[0.310s] -- Up-to-date: /home/mfz/rmtest1/install/video_interfaces/include/video_interfaces/video_interfaces/msg/detail/send__type_support.cpp
[0.310s] -- Up-to-date: /home/mfz/rmtest1/install/video_interfaces/include/video_interfaces/video_interfaces/msg/detail/pos__type_support.cpp
[0.310s] -- Up-to-date: /home/mfz/rmtest1/install/video_interfaces/include/video_interfaces/video_interfaces/msg/detail/kmf__rosidl_typesupport_introspection_cpp.hpp
[0.310s] -- Up-to-date: /home/mfz/rmtest1/install/video_interfaces/include/video_interfaces/video_interfaces/msg/detail/image__rosidl_typesupport_introspection_cpp.hpp
[0.310s] -- Up-to-date: /home/mfz/rmtest1/install/video_interfaces/include/video_interfaces/video_interfaces/msg/detail/send__rosidl_typesupport_introspection_cpp.hpp
[0.310s] -- Up-to-date: /home/mfz/rmtest1/install/video_interfaces/include/video_interfaces/video_interfaces/msg/detail/pos__rosidl_typesupport_introspection_cpp.hpp
[0.311s] -- Up-to-date: /home/mfz/rmtest1/install/video_interfaces/include/video_interfaces/video_interfaces/msg/detail/kmfs__rosidl_typesupport_introspection_cpp.hpp
[0.311s] -- Up-to-date: /home/mfz/rmtest1/install/video_interfaces/include/video_interfaces/video_interfaces/msg/detail/image__type_support.cpp
[0.311s] -- Up-to-date: /home/mfz/rmtest1/install/video_interfaces/include/video_interfaces/video_interfaces/msg/detail/kmf__type_support.cpp
[0.311s] -- Up-to-date: /home/mfz/rmtest1/install/video_interfaces/include/video_interfaces/video_interfaces/srv
[0.311s] -- Up-to-date: /home/mfz/rmtest1/install/video_interfaces/include/video_interfaces/video_interfaces/srv/detail
[0.311s] -- Up-to-date: /home/mfz/rmtest1/install/video_interfaces/include/video_interfaces/video_interfaces/srv/detail/posdis__rosidl_typesupport_introspection_cpp.hpp
[0.311s] -- Up-to-date: /home/mfz/rmtest1/install/video_interfaces/include/video_interfaces/video_interfaces/srv/detail/posdis__type_support.cpp
[0.311s] -- Up-to-date: /home/mfz/rmtest1/install/video_interfaces/include/video_interfaces/video_interfaces/srv/detail/kmf__rosidl_typesupport_introspection_cpp.hpp
[0.311s] -- Up-to-date: /home/mfz/rmtest1/install/video_interfaces/include/video_interfaces/video_interfaces/srv/detail/kmf__type_support.cpp
[0.311s] -- Up-to-date: /home/mfz/rmtest1/install/video_interfaces/lib/libvideo_interfaces__rosidl_typesupport_introspection_cpp.so
[0.311s] -- Up-to-date: /home/mfz/rmtest1/install/video_interfaces/lib/libvideo_interfaces__rosidl_typesupport_cpp.so
[0.312s] -- Up-to-date: /home/mfz/rmtest1/install/video_interfaces/share/video_interfaces/environment/pythonpath.sh
[0.312s] -- Up-to-date: /home/mfz/rmtest1/install/video_interfaces/share/video_interfaces/environment/pythonpath.dsv
[0.312s] -- Up-to-date: /home/mfz/rmtest1/install/video_interfaces/local/lib/python3.10/dist-packages/video_interfaces-0.0.0-py3.10.egg-info
[0.312s] -- Installing: /home/mfz/rmtest1/install/video_interfaces/local/lib/python3.10/dist-packages/video_interfaces-0.0.0-py3.10.egg-info/PKG-INFO
[0.312s] -- Installing: /home/mfz/rmtest1/install/video_interfaces/local/lib/python3.10/dist-packages/video_interfaces-0.0.0-py3.10.egg-info/SOURCES.txt
[0.312s] -- Installing: /home/mfz/rmtest1/install/video_interfaces/local/lib/python3.10/dist-packages/video_interfaces-0.0.0-py3.10.egg-info/dependency_links.txt
[0.312s] -- Installing: /home/mfz/rmtest1/install/video_interfaces/local/lib/python3.10/dist-packages/video_interfaces-0.0.0-py3.10.egg-info/top_level.txt
[0.312s] -- Up-to-date: /home/mfz/rmtest1/install/video_interfaces/local/lib/python3.10/dist-packages/video_interfaces
[0.312s] -- Up-to-date: /home/mfz/rmtest1/install/video_interfaces/local/lib/python3.10/dist-packages/video_interfaces/__init__.py
[0.312s] -- Up-to-date: /home/mfz/rmtest1/install/video_interfaces/local/lib/python3.10/dist-packages/video_interfaces/libvideo_interfaces__rosidl_generator_py.so
[0.312s] -- Up-to-date: /home/mfz/rmtest1/install/video_interfaces/local/lib/python3.10/dist-packages/video_interfaces/video_interfaces_s__rosidl_typesupport_fastrtps_c.cpython-310-x86_64-linux-gnu.so
[0.313s] -- Up-to-date: /home/mfz/rmtest1/install/video_interfaces/local/lib/python3.10/dist-packages/video_interfaces/video_interfaces_s__rosidl_typesupport_c.cpython-310-x86_64-linux-gnu.so
[0.313s] -- Up-to-date: /home/mfz/rmtest1/install/video_interfaces/local/lib/python3.10/dist-packages/video_interfaces/_video_interfaces_s.ep.rosidl_typesupport_c.c
[0.313s] -- Up-to-date: /home/mfz/rmtest1/install/video_interfaces/local/lib/python3.10/dist-packages/video_interfaces/_video_interfaces_s.ep.rosidl_typesupport_introspection_c.c
[0.313s] -- Up-to-date: /home/mfz/rmtest1/install/video_interfaces/local/lib/python3.10/dist-packages/video_interfaces/msg
[0.313s] -- Up-to-date: /home/mfz/rmtest1/install/video_interfaces/local/lib/python3.10/dist-packages/video_interfaces/msg/__init__.py
[0.313s] -- Up-to-date: /home/mfz/rmtest1/install/video_interfaces/local/lib/python3.10/dist-packages/video_interfaces/msg/_image_s.c
[0.313s] -- Up-to-date: /home/mfz/rmtest1/install/video_interfaces/local/lib/python3.10/dist-packages/video_interfaces/msg/_kmfs.py
[0.313s] -- Up-to-date: /home/mfz/rmtest1/install/video_interfaces/local/lib/python3.10/dist-packages/video_interfaces/msg/_send_s.c
[0.313s] -- Up-to-date: /home/mfz/rmtest1/install/video_interfaces/local/lib/python3.10/dist-packages/video_interfaces/msg/_pos_s.c
[0.313s] -- Up-to-date: /home/mfz/rmtest1/install/video_interfaces/local/lib/python3.10/dist-packages/video_interfaces/msg/_kmf.py
[0.313s] -- Up-to-date: /home/mfz/rmtest1/install/video_interfaces/local/lib/python3.10/dist-packages/video_interfaces/msg/_kmfs_s.c
[0.313s] -- Up-to-date: /home/mfz/rmtest1/install/video_interfaces/local/lib/python3.10/dist-packages/video_interfaces/msg/_pos.py
[0.314s] -- Up-to-date: /home/mfz/rmtest1/install/video_interfaces/local/lib/python3.10/dist-packages/video_interfaces/msg/_send.py
[0.314s] -- Up-to-date: /home/mfz/rmtest1/install/video_interfaces/local/lib/python3.10/dist-packages/video_interfaces/msg/_kmf_s.c
[0.314s] -- Up-to-date: /home/mfz/rmtest1/install/video_interfaces/local/lib/python3.10/dist-packages/video_interfaces/msg/_image.py
[0.314s] -- Up-to-date: /home/mfz/rmtest1/install/video_interfaces/local/lib/python3.10/dist-packages/video_interfaces/srv
[0.314s] -- Up-to-date: /home/mfz/rmtest1/install/video_interfaces/local/lib/python3.10/dist-packages/video_interfaces/srv/__init__.py
[0.314s] -- Up-to-date: /home/mfz/rmtest1/install/video_interfaces/local/lib/python3.10/dist-packages/video_interfaces/srv/_kmf.py
[0.314s] -- Up-to-date: /home/mfz/rmtest1/install/video_interfaces/local/lib/python3.10/dist-packages/video_interfaces/srv/_posdis.py
[0.314s] -- Up-to-date: /home/mfz/rmtest1/install/video_interfaces/local/lib/python3.10/dist-packages/video_interfaces/srv/_kmf_s.c
[0.314s] -- Up-to-date: /home/mfz/rmtest1/install/video_interfaces/local/lib/python3.10/dist-packages/video_interfaces/srv/_posdis_s.c
[0.314s] -- Up-to-date: /home/mfz/rmtest1/install/video_interfaces/local/lib/python3.10/dist-packages/video_interfaces/video_interfaces_s__rosidl_typesupport_introspection_c.cpython-310-x86_64-linux-gnu.so
[0.314s] -- Up-to-date: /home/mfz/rmtest1/install/video_interfaces/local/lib/python3.10/dist-packages/video_interfaces/_video_interfaces_s.ep.rosidl_typesupport_fastrtps_c.c
[0.324s] Listing '/home/mfz/rmtest1/install/video_interfaces/local/lib/python3.10/dist-packages/video_interfaces'...
[0.325s] Listing '/home/mfz/rmtest1/install/video_interfaces/local/lib/python3.10/dist-packages/video_interfaces/msg'...
[0.325s] Listing '/home/mfz/rmtest1/install/video_interfaces/local/lib/python3.10/dist-packages/video_interfaces/srv'...
[0.328s] -- Up-to-date: /home/mfz/rmtest1/install/video_interfaces/local/lib/python3.10/dist-packages/video_interfaces/video_interfaces_s__rosidl_typesupport_fastrtps_c.cpython-310-x86_64-linux-gnu.so
[0.328s] -- Up-to-date: /home/mfz/rmtest1/install/video_interfaces/local/lib/python3.10/dist-packages/video_interfaces/video_interfaces_s__rosidl_typesupport_introspection_c.cpython-310-x86_64-linux-gnu.so
[0.328s] -- Up-to-date: /home/mfz/rmtest1/install/video_interfaces/local/lib/python3.10/dist-packages/video_interfaces/video_interfaces_s__rosidl_typesupport_c.cpython-310-x86_64-linux-gnu.so
[0.328s] -- Up-to-date: /home/mfz/rmtest1/install/video_interfaces/lib/libvideo_interfaces__rosidl_generator_py.so
[0.328s] -- Up-to-date: /home/mfz/rmtest1/install/video_interfaces/share/video_interfaces/msg/Pos.idl
[0.329s] -- Up-to-date: /home/mfz/rmtest1/install/video_interfaces/share/video_interfaces/msg/Send.idl
[0.329s] -- Up-to-date: /home/mfz/rmtest1/install/video_interfaces/share/video_interfaces/msg/Kmf.idl
[0.329s] -- Up-to-date: /home/mfz/rmtest1/install/video_interfaces/share/video_interfaces/msg/Kmfs.idl
[0.329s] -- Up-to-date: /home/mfz/rmtest1/install/video_interfaces/share/video_interfaces/msg/Pos.msg
[0.329s] -- Up-to-date: /home/mfz/rmtest1/install/video_interfaces/share/video_interfaces/msg/Send.msg
[0.329s] -- Up-to-date: /home/mfz/rmtest1/install/video_interfaces/share/video_interfaces/msg/Kmf.msg
[0.329s] -- Up-to-date: /home/mfz/rmtest1/install/video_interfaces/share/video_interfaces/msg/Kmfs.msg
[0.329s] -- Up-to-date: /home/mfz/rmtest1/install/video_interfaces/share/ament_index/resource_index/package_run_dependencies/video_interfaces
[0.330s] -- Up-to-date: /home/mfz/rmtest1/install/video_interfaces/share/ament_index/resource_index/parent_prefix_path/video_interfaces
[0.330s] -- Up-to-date: /home/mfz/rmtest1/install/video_interfaces/share/video_interfaces/environment/ament_prefix_path.sh
[0.330s] -- Up-to-date: /home/mfz/rmtest1/install/video_interfaces/share/video_interfaces/environment/ament_prefix_path.dsv
[0.330s] -- Up-to-date: /home/mfz/rmtest1/install/video_interfaces/share/video_interfaces/environment/path.sh
[0.330s] -- Up-to-date: /home/mfz/rmtest1/install/video_interfaces/share/video_interfaces/environment/path.dsv
[0.330s] -- Up-to-date: /home/mfz/rmtest1/install/video_interfaces/share/video_interfaces/local_setup.bash
[0.330s] -- Up-to-date: /home/mfz/rmtest1/install/video_interfaces/share/video_interfaces/local_setup.sh
[0.330s] -- Up-to-date: /home/mfz/rmtest1/install/video_interfaces/share/video_interfaces/local_setup.zsh
[0.330s] -- Up-to-date: /home/mfz/rmtest1/install/video_interfaces/share/video_interfaces/local_setup.dsv
[0.330s] -- Installing: /home/mfz/rmtest1/install/video_interfaces/share/video_interfaces/package.dsv
[0.330s] -- Up-to-date: /home/mfz/rmtest1/install/video_interfaces/share/ament_index/resource_index/packages/video_interfaces
[0.331s] -- Up-to-date: /home/mfz/rmtest1/install/video_interfaces/share/video_interfaces/cmake/export_video_interfaces__rosidl_generator_cExport.cmake
[0.331s] -- Up-to-date: /home/mfz/rmtest1/install/video_interfaces/share/video_interfaces/cmake/export_video_interfaces__rosidl_generator_cExport-noconfig.cmake
[0.331s] -- Up-to-date: /home/mfz/rmtest1/install/video_interfaces/share/video_interfaces/cmake/export_video_interfaces__rosidl_typesupport_fastrtps_cExport.cmake
[0.331s] -- Up-to-date: /home/mfz/rmtest1/install/video_interfaces/share/video_interfaces/cmake/export_video_interfaces__rosidl_typesupport_fastrtps_cExport-noconfig.cmake
[0.331s] -- Up-to-date: /home/mfz/rmtest1/install/video_interfaces/share/video_interfaces/cmake/video_interfaces__rosidl_typesupport_introspection_cExport.cmake
[0.332s] -- Up-to-date: /home/mfz/rmtest1/install/video_interfaces/share/video_interfaces/cmake/video_interfaces__rosidl_typesupport_introspection_cExport-noconfig.cmake
[0.332s] -- Up-to-date: /home/mfz/rmtest1/install/video_interfaces/share/video_interfaces/cmake/video_interfaces__rosidl_typesupport_cExport.cmake
[0.333s] -- Up-to-date: /home/mfz/rmtest1/install/video_interfaces/share/video_interfaces/cmake/video_interfaces__rosidl_typesupport_cExport-noconfig.cmake
[0.333s] -- Up-to-date: /home/mfz/rmtest1/install/video_interfaces/share/video_interfaces/cmake/export_video_interfaces__rosidl_generator_cppExport.cmake
[0.333s] -- Up-to-date: /home/mfz/rmtest1/install/video_interfaces/share/video_interfaces/cmake/export_video_interfaces__rosidl_typesupport_fastrtps_cppExport.cmake
[0.334s] -- Up-to-date: /home/mfz/rmtest1/install/video_interfaces/share/video_interfaces/cmake/export_video_interfaces__rosidl_typesupport_fastrtps_cppExport-noconfig.cmake
[0.334s] -- Up-to-date: /home/mfz/rmtest1/install/video_interfaces/share/video_interfaces/cmake/video_interfaces__rosidl_typesupport_introspection_cppExport.cmake
[0.335s] -- Up-to-date: /home/mfz/rmtest1/install/video_interfaces/share/video_interfaces/cmake/video_interfaces__rosidl_typesupport_introspection_cppExport-noconfig.cmake
[0.335s] -- Up-to-date: /home/mfz/rmtest1/install/video_interfaces/share/video_interfaces/cmake/video_interfaces__rosidl_typesupport_cppExport.cmake
[0.335s] -- Up-to-date: /home/mfz/rmtest1/install/video_interfaces/share/video_interfaces/cmake/video_interfaces__rosidl_typesupport_cppExport-noconfig.cmake
[0.335s] -- Up-to-date: /home/mfz/rmtest1/install/video_interfaces/share/video_interfaces/cmake/export_video_interfaces__rosidl_generator_pyExport.cmake
[0.336s] -- Up-to-date: /home/mfz/rmtest1/install/video_interfaces/share/video_interfaces/cmake/export_video_interfaces__rosidl_generator_pyExport-noconfig.cmake
[0.336s] -- Up-to-date: /home/mfz/rmtest1/install/video_interfaces/share/video_interfaces/cmake/rosidl_cmake-extras.cmake
[0.336s] -- Up-to-date: /home/mfz/rmtest1/install/video_interfaces/share/video_interfaces/cmake/ament_cmake_export_dependencies-extras.cmake
[0.337s] -- Up-to-date: /home/mfz/rmtest1/install/video_interfaces/share/video_interfaces/cmake/ament_cmake_export_include_directories-extras.cmake
[0.337s] -- Up-to-date: /home/mfz/rmtest1/install/video_interfaces/share/video_interfaces/cmake/ament_cmake_export_libraries-extras.cmake
[0.337s] -- Up-to-date: /home/mfz/rmtest1/install/video_interfaces/share/video_interfaces/cmake/ament_cmake_export_targets-extras.cmake
[0.337s] -- Up-to-date: /home/mfz/rmtest1/install/video_interfaces/share/video_interfaces/cmake/rosidl_cmake_export_typesupport_targets-extras.cmake
[0.337s] -- Up-to-date: /home/mfz/rmtest1/install/video_interfaces/share/video_interfaces/cmake/rosidl_cmake_export_typesupport_libraries-extras.cmake
[0.338s] -- Up-to-date: /home/mfz/rmtest1/install/video_interfaces/share/video_interfaces/cmake/video_interfacesConfig.cmake
[0.338s] -- Up-to-date: /home/mfz/rmtest1/install/video_interfaces/share/video_interfaces/cmake/video_interfacesConfig-version.cmake
[0.338s] -- Up-to-date: /home/mfz/rmtest1/install/video_interfaces/share/video_interfaces/package.xml
[0.338s] Invoked command in '/home/mfz/rmtest1/build/video_interfaces' returned '0': CMAKE_PREFIX_PATH=${CMAKE_PREFIX_PATH}:/opt/ros/humble /usr/bin/cmake --install /home/mfz/rmtest1/build/video_interfaces
