[35m[1mConsolidate compiler generated dependencies of target imgpre[0m
[ 50%] [32mBuilding CXX object CMakeFiles/imgpre.dir/src/imgpre.cpp.o[0m
[100%] [32m[1mLinking CXX executable imgpre[0m
[100%] Built target imgpre
-- Install configuration: ""
-- Installing: /home/mfz/rmtest1/install/image/lib/image/imgpre
-- Set runtime path of "/home/mfz/rmtest1/install/image/lib/image/imgpre" to ""
-- Up-to-date: /home/mfz/rmtest1/install/image/share/image/launch
-- Up-to-date: /home/mfz/rmtest1/install/image/share/image/launch/video.launch.py
-- Up-to-date: /home/mfz/rmtest1/install/image/share/ament_index/resource_index/package_run_dependencies/image
-- Up-to-date: /home/mfz/rmtest1/install/image/share/ament_index/resource_index/parent_prefix_path/image
-- Up-to-date: /home/mfz/rmtest1/install/image/share/image/environment/ament_prefix_path.sh
-- Up-to-date: /home/mfz/rmtest1/install/image/share/image/environment/ament_prefix_path.dsv
-- Up-to-date: /home/mfz/rmtest1/install/image/share/image/environment/path.sh
-- Up-to-date: /home/mfz/rmtest1/install/image/share/image/environment/path.dsv
-- Up-to-date: /home/mfz/rmtest1/install/image/share/image/local_setup.bash
-- Up-to-date: /home/mfz/rmtest1/install/image/share/image/local_setup.sh
-- Up-to-date: /home/mfz/rmtest1/install/image/share/image/local_setup.zsh
-- Up-to-date: /home/mfz/rmtest1/install/image/share/image/local_setup.dsv
-- Installing: /home/mfz/rmtest1/install/image/share/image/package.dsv
-- Up-to-date: /home/mfz/rmtest1/install/image/share/ament_index/resource_index/packages/image
-- Up-to-date: /home/mfz/rmtest1/install/image/share/image/cmake/imageConfig.cmake
-- Up-to-date: /home/mfz/rmtest1/install/image/share/image/cmake/imageConfig-version.cmake
-- Up-to-date: /home/mfz/rmtest1/install/image/share/image/package.xml
